{"/media/alekstar79/Cargo/Home/Projects/lightbox/src/styles.ts": {"path":"/media/alekstar79/Cargo/Home/Projects/lightbox/src/styles.ts","all":true,"statementMap":{"0":{"start":{"line":1,"column":0},"end":{"line":1,"column":69}},"2":{"start":{"line":3,"column":0},"end":{"line":3,"column":28}}},"s":{"0":0,"2":0},"branchMap":{"0":{"type":"branch","line":1,"loc":{"start":{"line":1,"column":154},"end":{"line":3,"column":28}},"locations":[{"start":{"line":1,"column":154},"end":{"line":3,"column":28}}]}},"b":{"0":[0]},"fnMap":{"0":{"name":"(empty-report)","decl":{"start":{"line":1,"column":154},"end":{"line":3,"column":28}},"loc":{"start":{"line":1,"column":154},"end":{"line":3,"column":28}},"line":1}},"f":{"0":0}}
,"/media/alekstar79/Cargo/Home/Projects/lightbox/src/components/gallery.ts": {"path":"/media/alekstar79/Cargo/Home/Projects/lightbox/src/components/gallery.ts","all":true,"statementMap":{"0":{"start":{"line":1,"column":0},"end":{"line":1,"column":41}},"6":{"start":{"line":7,"column":0},"end":{"line":7,"column":22}},"7":{"start":{"line":8,"column":0},"end":{"line":8,"column":32}},"8":{"start":{"line":9,"column":0},"end":{"line":9,"column":36}},"9":{"start":{"line":10,"column":0},"end":{"line":10,"column":33}},"10":{"start":{"line":11,"column":0},"end":{"line":11,"column":31}},"12":{"start":{"line":13,"column":0},"end":{"line":13,"column":119}},"13":{"start":{"line":14,"column":0},"end":{"line":14,"column":77}},"14":{"start":{"line":15,"column":0},"end":{"line":15,"column":80}},"15":{"start":{"line":16,"column":0},"end":{"line":16,"column":79}},"16":{"start":{"line":17,"column":0},"end":{"line":17,"column":24}},"18":{"start":{"line":19,"column":0},"end":{"line":19,"column":65}},"19":{"start":{"line":20,"column":0},"end":{"line":20,"column":66}},"21":{"start":{"line":22,"column":0},"end":{"line":22,"column":38}},"22":{"start":{"line":23,"column":0},"end":{"line":23,"column":33}},"23":{"start":{"line":24,"column":0},"end":{"line":24,"column":3}},"25":{"start":{"line":26,"column":0},"end":{"line":26,"column":70}},"26":{"start":{"line":27,"column":0},"end":{"line":27,"column":45}},"27":{"start":{"line":28,"column":0},"end":{"line":28,"column":34}},"29":{"start":{"line":30,"column":0},"end":{"line":30,"column":40}},"31":{"start":{"line":32,"column":0},"end":{"line":32,"column":15}},"32":{"start":{"line":33,"column":0},"end":{"line":33,"column":52}},"33":{"start":{"line":34,"column":0},"end":{"line":34,"column":38}},"34":{"start":{"line":35,"column":0},"end":{"line":35,"column":24}},"35":{"start":{"line":36,"column":0},"end":{"line":36,"column":29}},"36":{"start":{"line":37,"column":0},"end":{"line":37,"column":50}},"38":{"start":{"line":39,"column":0},"end":{"line":39,"column":22}},"39":{"start":{"line":40,"column":0},"end":{"line":40,"column":56}},"40":{"start":{"line":41,"column":0},"end":{"line":41,"column":65}},"41":{"start":{"line":42,"column":0},"end":{"line":42,"column":78}},"42":{"start":{"line":43,"column":0},"end":{"line":43,"column":25}},"43":{"start":{"line":44,"column":0},"end":{"line":44,"column":16}},"44":{"start":{"line":45,"column":0},"end":{"line":45,"column":37}},"45":{"start":{"line":46,"column":0},"end":{"line":46,"column":68}},"46":{"start":{"line":47,"column":0},"end":{"line":47,"column":9}},"48":{"start":{"line":49,"column":0},"end":{"line":49,"column":29}},"49":{"start":{"line":50,"column":0},"end":{"line":50,"column":8}},"51":{"start":{"line":52,"column":0},"end":{"line":52,"column":33}},"52":{"start":{"line":53,"column":0},"end":{"line":53,"column":35}},"54":{"start":{"line":55,"column":0},"end":{"line":55,"column":32}},"56":{"start":{"line":57,"column":0},"end":{"line":57,"column":15}},"57":{"start":{"line":58,"column":0},"end":{"line":58,"column":3}},"59":{"start":{"line":60,"column":0},"end":{"line":60,"column":49}},"60":{"start":{"line":61,"column":0},"end":{"line":61,"column":25}},"61":{"start":{"line":62,"column":0},"end":{"line":62,"column":42}},"63":{"start":{"line":64,"column":0},"end":{"line":64,"column":16}},"64":{"start":{"line":65,"column":0},"end":{"line":65,"column":56}},"66":{"start":{"line":67,"column":0},"end":{"line":67,"column":28}},"67":{"start":{"line":68,"column":0},"end":{"line":68,"column":46}},"68":{"start":{"line":69,"column":0},"end":{"line":69,"column":16}},"69":{"start":{"line":70,"column":0},"end":{"line":70,"column":18}},"70":{"start":{"line":71,"column":0},"end":{"line":71,"column":9}},"71":{"start":{"line":72,"column":0},"end":{"line":72,"column":7}},"72":{"start":{"line":73,"column":0},"end":{"line":73,"column":6}},"73":{"start":{"line":74,"column":0},"end":{"line":74,"column":3}},"75":{"start":{"line":76,"column":0},"end":{"line":76,"column":40}},"76":{"start":{"line":77,"column":0},"end":{"line":77,"column":61}},"77":{"start":{"line":78,"column":0},"end":{"line":78,"column":25}},"78":{"start":{"line":79,"column":0},"end":{"line":79,"column":3}},"79":{"start":{"line":80,"column":0},"end":{"line":80,"column":1}}},"s":{"0":0,"6":0,"7":0,"8":0,"9":0,"10":0,"12":0,"13":0,"14":0,"15":0,"16":0,"18":0,"19":0,"21":0,"22":0,"23":0,"25":0,"26":0,"27":0,"29":0,"31":0,"32":0,"33":0,"34":0,"35":0,"36":0,"38":0,"39":0,"40":0,"41":0,"42":0,"43":0,"44":0,"45":0,"46":0,"48":0,"49":0,"51":0,"52":0,"54":0,"56":0,"57":0,"59":0,"60":0,"61":0,"63":0,"64":0,"66":0,"67":0,"68":0,"69":0,"70":0,"71":0,"72":0,"73":0,"75":0,"76":0,"77":0,"78":0,"79":0},"branchMap":{"0":{"type":"branch","line":1,"loc":{"start":{"line":1,"column":2282},"end":{"line":80,"column":1}},"locations":[{"start":{"line":1,"column":2282},"end":{"line":80,"column":1}}]}},"b":{"0":[0]},"fnMap":{"0":{"name":"(empty-report)","decl":{"start":{"line":1,"column":2282},"end":{"line":80,"column":1}},"loc":{"start":{"line":1,"column":2282},"end":{"line":80,"column":1}},"line":1}},"f":{"0":0}}
,"/media/alekstar79/Cargo/Home/Projects/lightbox/src/components/lightbox.ts": {"path":"/media/alekstar79/Cargo/Home/Projects/lightbox/src/components/lightbox.ts","all":false,"statementMap":{"0":{"start":{"line":1,"column":0},"end":{"line":1,"column":43}},"3":{"start":{"line":4,"column":0},"end":{"line":4,"column":23}},"4":{"start":{"line":5,"column":0},"end":{"line":5,"column":35}},"6":{"start":{"line":7,"column":0},"end":{"line":7,"column":32}},"7":{"start":{"line":8,"column":0},"end":{"line":8,"column":30}},"8":{"start":{"line":9,"column":0},"end":{"line":9,"column":34}},"10":{"start":{"line":11,"column":0},"end":{"line":11,"column":38}},"12":{"start":{"line":13,"column":0},"end":{"line":13,"column":42}},"13":{"start":{"line":14,"column":0},"end":{"line":14,"column":38}},"14":{"start":{"line":15,"column":0},"end":{"line":15,"column":31}},"15":{"start":{"line":16,"column":0},"end":{"line":16,"column":33}},"16":{"start":{"line":17,"column":0},"end":{"line":17,"column":31}},"17":{"start":{"line":18,"column":0},"end":{"line":18,"column":33}},"18":{"start":{"line":19,"column":0},"end":{"line":19,"column":32}},"19":{"start":{"line":20,"column":0},"end":{"line":20,"column":30}},"20":{"start":{"line":21,"column":0},"end":{"line":21,"column":30}},"21":{"start":{"line":22,"column":0},"end":{"line":22,"column":29}},"23":{"start":{"line":24,"column":0},"end":{"line":24,"column":46}},"25":{"start":{"line":26,"column":0},"end":{"line":26,"column":38}},"26":{"start":{"line":27,"column":0},"end":{"line":27,"column":51}},"27":{"start":{"line":28,"column":0},"end":{"line":28,"column":3}},"29":{"start":{"line":30,"column":0},"end":{"line":30,"column":38}},"30":{"start":{"line":31,"column":0},"end":{"line":31,"column":30}},"31":{"start":{"line":32,"column":0},"end":{"line":32,"column":3}},"33":{"start":{"line":34,"column":0},"end":{"line":34,"column":53}},"34":{"start":{"line":35,"column":0},"end":{"line":35,"column":55}},"35":{"start":{"line":36,"column":0},"end":{"line":36,"column":3}},"37":{"start":{"line":38,"column":0},"end":{"line":38,"column":109}},"38":{"start":{"line":39,"column":0},"end":{"line":39,"column":46}},"39":{"start":{"line":40,"column":0},"end":{"line":40,"column":3}},"41":{"start":{"line":42,"column":0},"end":{"line":42,"column":44}},"42":{"start":{"line":43,"column":0},"end":{"line":43,"column":28}},"44":{"start":{"line":45,"column":0},"end":{"line":45,"column":50}},"45":{"start":{"line":46,"column":0},"end":{"line":46,"column":58}},"46":{"start":{"line":47,"column":0},"end":{"line":47,"column":63}},"47":{"start":{"line":48,"column":0},"end":{"line":48,"column":67}},"48":{"start":{"line":49,"column":0},"end":{"line":49,"column":65}},"49":{"start":{"line":50,"column":0},"end":{"line":50,"column":63}},"50":{"start":{"line":51,"column":0},"end":{"line":51,"column":63}},"51":{"start":{"line":52,"column":0},"end":{"line":52,"column":57}},"52":{"start":{"line":53,"column":0},"end":{"line":53,"column":57}},"53":{"start":{"line":54,"column":0},"end":{"line":54,"column":41}},"55":{"start":{"line":56,"column":0},"end":{"line":56,"column":19}},"56":{"start":{"line":57,"column":0},"end":{"line":57,"column":23}},"57":{"start":{"line":58,"column":0},"end":{"line":58,"column":18}},"58":{"start":{"line":59,"column":0},"end":{"line":59,"column":3}},"60":{"start":{"line":61,"column":0},"end":{"line":61,"column":28}},"61":{"start":{"line":62,"column":0},"end":{"line":62,"column":52}},"62":{"start":{"line":63,"column":0},"end":{"line":63,"column":52}},"63":{"start":{"line":64,"column":0},"end":{"line":64,"column":40}},"64":{"start":{"line":65,"column":0},"end":{"line":65,"column":38}},"65":{"start":{"line":66,"column":0},"end":{"line":66,"column":64}},"66":{"start":{"line":67,"column":0},"end":{"line":67,"column":3}},"68":{"start":{"line":69,"column":0},"end":{"line":69,"column":32}},"69":{"start":{"line":70,"column":0},"end":{"line":70,"column":61}},"70":{"start":{"line":71,"column":0},"end":{"line":71,"column":61}},"71":{"start":{"line":72,"column":0},"end":{"line":72,"column":58}},"72":{"start":{"line":73,"column":0},"end":{"line":73,"column":56}},"73":{"start":{"line":74,"column":0},"end":{"line":74,"column":53}},"74":{"start":{"line":75,"column":0},"end":{"line":75,"column":52}},"75":{"start":{"line":76,"column":0},"end":{"line":76,"column":3}},"77":{"start":{"line":78,"column":0},"end":{"line":78,"column":38}},"78":{"start":{"line":79,"column":0},"end":{"line":79,"column":75}},"79":{"start":{"line":80,"column":0},"end":{"line":80,"column":73}},"80":{"start":{"line":81,"column":0},"end":{"line":81,"column":3}},"82":{"start":{"line":83,"column":0},"end":{"line":83,"column":27}},"83":{"start":{"line":84,"column":0},"end":{"line":84,"column":30}},"85":{"start":{"line":86,"column":0},"end":{"line":86,"column":24}},"86":{"start":{"line":87,"column":0},"end":{"line":87,"column":57}},"87":{"start":{"line":88,"column":0},"end":{"line":88,"column":56}},"88":{"start":{"line":89,"column":0},"end":{"line":89,"column":6}},"90":{"start":{"line":91,"column":0},"end":{"line":91,"column":25}},"91":{"start":{"line":92,"column":0},"end":{"line":92,"column":3}},"93":{"start":{"line":94,"column":0},"end":{"line":94,"column":41}},"94":{"start":{"line":95,"column":0},"end":{"line":95,"column":44}},"95":{"start":{"line":96,"column":0},"end":{"line":96,"column":3}},"97":{"start":{"line":98,"column":0},"end":{"line":98,"column":24}},"98":{"start":{"line":99,"column":0},"end":{"line":99,"column":22}},"100":{"start":{"line":101,"column":0},"end":{"line":101,"column":71}},"101":{"start":{"line":102,"column":0},"end":{"line":102,"column":71}},"103":{"start":{"line":104,"column":0},"end":{"line":104,"column":56}},"104":{"start":{"line":105,"column":0},"end":{"line":105,"column":53}},"105":{"start":{"line":106,"column":0},"end":{"line":106,"column":3}},"107":{"start":{"line":108,"column":0},"end":{"line":108,"column":50}},"108":{"start":{"line":109,"column":0},"end":{"line":109,"column":43}},"110":{"start":{"line":111,"column":0},"end":{"line":111,"column":24}},"111":{"start":{"line":112,"column":0},"end":{"line":112,"column":43}},"112":{"start":{"line":113,"column":0},"end":{"line":113,"column":48}},"113":{"start":{"line":114,"column":0},"end":{"line":114,"column":41}},"114":{"start":{"line":115,"column":0},"end":{"line":115,"column":39}},"116":{"start":{"line":117,"column":0},"end":{"line":117,"column":15}},"117":{"start":{"line":118,"column":0},"end":{"line":118,"column":3}},"119":{"start":{"line":120,"column":0},"end":{"line":120,"column":39}},"120":{"start":{"line":121,"column":0},"end":{"line":121,"column":41}},"122":{"start":{"line":123,"column":0},"end":{"line":123,"column":21}},"123":{"start":{"line":124,"column":0},"end":{"line":124,"column":37}},"124":{"start":{"line":125,"column":0},"end":{"line":125,"column":44}},"125":{"start":{"line":126,"column":0},"end":{"line":126,"column":38}},"127":{"start":{"line":128,"column":0},"end":{"line":128,"column":34}},"128":{"start":{"line":129,"column":0},"end":{"line":129,"column":29}},"129":{"start":{"line":130,"column":0},"end":{"line":130,"column":5}},"130":{"start":{"line":131,"column":0},"end":{"line":131,"column":3}},"132":{"start":{"line":133,"column":0},"end":{"line":133,"column":32}},"133":{"start":{"line":134,"column":0},"end":{"line":134,"column":33}},"134":{"start":{"line":135,"column":0},"end":{"line":135,"column":20}},"135":{"start":{"line":136,"column":0},"end":{"line":136,"column":16}},"136":{"start":{"line":137,"column":0},"end":{"line":137,"column":3}},"138":{"start":{"line":139,"column":0},"end":{"line":139,"column":32}},"139":{"start":{"line":140,"column":0},"end":{"line":140,"column":32}},"140":{"start":{"line":141,"column":0},"end":{"line":141,"column":19}},"141":{"start":{"line":142,"column":0},"end":{"line":142,"column":15}},"142":{"start":{"line":143,"column":0},"end":{"line":143,"column":3}},"143":{"start":{"line":144,"column":0},"end":{"line":144,"column":1}}},"s":{"0":1,"3":1,"4":1,"6":1,"7":1,"8":1,"10":1,"12":1,"13":1,"14":1,"15":1,"16":1,"17":1,"18":1,"19":1,"20":1,"21":1,"23":1,"25":1,"26":13,"27":13,"29":1,"30":13,"31":13,"33":1,"34":12,"35":12,"37":1,"38":120,"39":120,"41":1,"42":12,"44":12,"45":12,"46":12,"47":12,"48":12,"49":12,"50":12,"51":12,"52":12,"53":12,"55":12,"56":12,"57":12,"58":12,"60":1,"61":12,"62":12,"63":12,"64":12,"65":12,"66":12,"68":1,"69":12,"70":12,"71":12,"72":12,"73":12,"74":12,"75":12,"77":1,"78":3,"79":3,"80":3,"82":1,"83":12,"85":11,"86":11,"87":11,"88":11,"90":11,"91":12,"93":1,"94":2,"95":2,"97":1,"98":11,"100":11,"101":11,"103":11,"104":11,"105":11,"107":1,"108":9,"110":9,"111":9,"112":9,"113":9,"114":9,"116":9,"117":9,"119":1,"120":3,"122":3,"123":3,"124":3,"125":3,"127":3,"128":1,"129":1,"130":3,"132":1,"133":2,"134":1,"135":1,"136":2,"138":1,"139":2,"140":1,"141":1,"142":2,"143":1},"branchMap":{"0":{"type":"branch","line":4,"loc":{"start":{"line":4,"column":22},"end":{"line":144,"column":1}},"locations":[{"start":{"line":4,"column":22},"end":{"line":144,"column":1}}]},"1":{"type":"branch","line":4,"loc":{"start":{"line":4,"column":22},"end":{"line":144,"column":1}},"locations":[{"start":{"line":4,"column":22},"end":{"line":144,"column":1}}]},"2":{"type":"branch","line":24,"loc":{"start":{"line":24,"column":38},"end":{"line":24,"column":46}},"locations":[{"start":{"line":24,"column":38},"end":{"line":24,"column":46}}]},"3":{"type":"branch","line":26,"loc":{"start":{"line":26,"column":2},"end":{"line":28,"column":3}},"locations":[{"start":{"line":26,"column":2},"end":{"line":28,"column":3}}]},"4":{"type":"branch","line":30,"loc":{"start":{"line":30,"column":2},"end":{"line":32,"column":3}},"locations":[{"start":{"line":30,"column":2},"end":{"line":32,"column":3}}]},"5":{"type":"branch","line":34,"loc":{"start":{"line":34,"column":16},"end":{"line":36,"column":3}},"locations":[{"start":{"line":34,"column":16},"end":{"line":36,"column":3}}]},"6":{"type":"branch","line":38,"loc":{"start":{"line":38,"column":17},"end":{"line":40,"column":3}},"locations":[{"start":{"line":38,"column":17},"end":{"line":40,"column":3}}]},"7":{"type":"branch","line":42,"loc":{"start":{"line":42,"column":10},"end":{"line":59,"column":3}},"locations":[{"start":{"line":42,"column":10},"end":{"line":59,"column":3}}]},"8":{"type":"branch","line":61,"loc":{"start":{"line":61,"column":10},"end":{"line":67,"column":3}},"locations":[{"start":{"line":61,"column":10},"end":{"line":67,"column":3}}]},"9":{"type":"branch","line":69,"loc":{"start":{"line":69,"column":10},"end":{"line":76,"column":3}},"locations":[{"start":{"line":69,"column":10},"end":{"line":76,"column":3}}]},"10":{"type":"branch","line":78,"loc":{"start":{"line":78,"column":10},"end":{"line":81,"column":3}},"locations":[{"start":{"line":78,"column":10},"end":{"line":81,"column":3}}]},"11":{"type":"branch","line":83,"loc":{"start":{"line":83,"column":10},"end":{"line":92,"column":3}},"locations":[{"start":{"line":83,"column":10},"end":{"line":92,"column":3}}]},"12":{"type":"branch","line":84,"loc":{"start":{"line":84,"column":24},"end":{"line":84,"column":30}},"locations":[{"start":{"line":84,"column":24},"end":{"line":84,"column":30}}]},"13":{"type":"branch","line":84,"loc":{"start":{"line":84,"column":24},"end":{"line":91,"column":25}},"locations":[{"start":{"line":84,"column":24},"end":{"line":91,"column":25}}]},"14":{"type":"branch","line":94,"loc":{"start":{"line":94,"column":2},"end":{"line":96,"column":3}},"locations":[{"start":{"line":94,"column":2},"end":{"line":96,"column":3}}]},"15":{"type":"branch","line":98,"loc":{"start":{"line":98,"column":10},"end":{"line":106,"column":3}},"locations":[{"start":{"line":98,"column":10},"end":{"line":106,"column":3}}]},"16":{"type":"branch","line":101,"loc":{"start":{"line":101,"column":32},"end":{"line":101,"column":54}},"locations":[{"start":{"line":101,"column":32},"end":{"line":101,"column":54}}]},"17":{"type":"branch","line":101,"loc":{"start":{"line":101,"column":46},"end":{"line":101,"column":62}},"locations":[{"start":{"line":101,"column":46},"end":{"line":101,"column":62}}]},"18":{"type":"branch","line":102,"loc":{"start":{"line":102,"column":32},"end":{"line":102,"column":54}},"locations":[{"start":{"line":102,"column":32},"end":{"line":102,"column":54}}]},"19":{"type":"branch","line":102,"loc":{"start":{"line":102,"column":46},"end":{"line":102,"column":62}},"locations":[{"start":{"line":102,"column":46},"end":{"line":102,"column":62}}]},"20":{"type":"branch","line":108,"loc":{"start":{"line":108,"column":9},"end":{"line":118,"column":3}},"locations":[{"start":{"line":108,"column":9},"end":{"line":118,"column":3}}]},"21":{"type":"branch","line":120,"loc":{"start":{"line":120,"column":2},"end":{"line":131,"column":3}},"locations":[{"start":{"line":120,"column":2},"end":{"line":131,"column":3}}]},"22":{"type":"branch","line":128,"loc":{"start":{"line":128,"column":33},"end":{"line":130,"column":5}},"locations":[{"start":{"line":128,"column":33},"end":{"line":130,"column":5}}]},"23":{"type":"branch","line":133,"loc":{"start":{"line":133,"column":10},"end":{"line":137,"column":3}},"locations":[{"start":{"line":133,"column":10},"end":{"line":137,"column":3}}]},"24":{"type":"branch","line":134,"loc":{"start":{"line":134,"column":26},"end":{"line":136,"column":16}},"locations":[{"start":{"line":134,"column":26},"end":{"line":136,"column":16}}]},"25":{"type":"branch","line":139,"loc":{"start":{"line":139,"column":10},"end":{"line":143,"column":3}},"locations":[{"start":{"line":139,"column":10},"end":{"line":143,"column":3}}]},"26":{"type":"branch","line":140,"loc":{"start":{"line":140,"column":26},"end":{"line":142,"column":15}},"locations":[{"start":{"line":140,"column":26},"end":{"line":142,"column":15}}]}},"b":{"0":[12],"1":[1],"2":[11],"3":[13],"4":[13],"5":[12],"6":[120],"7":[12],"8":[12],"9":[12],"10":[3],"11":[12],"12":[1],"13":[11],"14":[2],"15":[11],"16":[7],"17":[4],"18":[7],"19":[4],"20":[9],"21":[3],"22":[1],"23":[2],"24":[1],"25":[2],"26":[1]},"fnMap":{"0":{"name":"<instance_members_initializer>","decl":{"start":{"line":4,"column":22},"end":{"line":144,"column":1}},"loc":{"start":{"line":4,"column":22},"end":{"line":144,"column":1}},"line":4},"1":{"name":"<static_initializer>","decl":{"start":{"line":4,"column":22},"end":{"line":144,"column":1}},"loc":{"start":{"line":4,"column":22},"end":{"line":144,"column":1}},"line":4},"2":{"name":"preview","decl":{"start":{"line":24,"column":38},"end":{"line":24,"column":46}},"loc":{"start":{"line":24,"column":38},"end":{"line":24,"column":46}},"line":24},"3":{"name":"get nextBtnHide","decl":{"start":{"line":26,"column":2},"end":{"line":28,"column":3}},"loc":{"start":{"line":26,"column":2},"end":{"line":28,"column":3}},"line":26},"4":{"name":"get prevBtnHide","decl":{"start":{"line":30,"column":2},"end":{"line":32,"column":3}},"loc":{"start":{"line":30,"column":2},"end":{"line":32,"column":3}},"line":30},"5":{"name":"init","decl":{"start":{"line":34,"column":16},"end":{"line":36,"column":3}},"loc":{"start":{"line":34,"column":16},"end":{"line":36,"column":3}},"line":34},"6":{"name":"get","decl":{"start":{"line":38,"column":17},"end":{"line":40,"column":3}},"loc":{"start":{"line":38,"column":17},"end":{"line":40,"column":3}},"line":38},"7":{"name":"Lightbox","decl":{"start":{"line":42,"column":10},"end":{"line":59,"column":3}},"loc":{"start":{"line":42,"column":10},"end":{"line":59,"column":3}},"line":42},"8":{"name":"bindings","decl":{"start":{"line":61,"column":10},"end":{"line":67,"column":3}},"loc":{"start":{"line":61,"column":10},"end":{"line":67,"column":3}},"line":61},"9":{"name":"addListeners","decl":{"start":{"line":69,"column":10},"end":{"line":76,"column":3}},"loc":{"start":{"line":69,"column":10},"end":{"line":76,"column":3}},"line":69},"10":{"name":"onFullscreenChange","decl":{"start":{"line":78,"column":10},"end":{"line":81,"column":3}},"loc":{"start":{"line":78,"column":10},"end":{"line":81,"column":3}},"line":78},"11":{"name":"keybind","decl":{"start":{"line":83,"column":10},"end":{"line":92,"column":3}},"loc":{"start":{"line":83,"column":10},"end":{"line":92,"column":3}},"line":83},"12":{"name":"toggle","decl":{"start":{"line":94,"column":2},"end":{"line":96,"column":3}},"loc":{"start":{"line":94,"column":2},"end":{"line":96,"column":3}},"line":94},"13":{"name":"view","decl":{"start":{"line":98,"column":10},"end":{"line":106,"column":3}},"loc":{"start":{"line":98,"column":10},"end":{"line":106,"column":3}},"line":98},"14":{"name":"open","decl":{"start":{"line":108,"column":9},"end":{"line":118,"column":3}},"loc":{"start":{"line":108,"column":9},"end":{"line":118,"column":3}},"line":108},"15":{"name":"close","decl":{"start":{"line":120,"column":2},"end":{"line":131,"column":3}},"loc":{"start":{"line":120,"column":2},"end":{"line":131,"column":3}},"line":120},"16":{"name":"nextBtnClick","decl":{"start":{"line":133,"column":10},"end":{"line":137,"column":3}},"loc":{"start":{"line":133,"column":10},"end":{"line":137,"column":3}},"line":133},"17":{"name":"prevBtnClick","decl":{"start":{"line":139,"column":10},"end":{"line":143,"column":3}},"loc":{"start":{"line":139,"column":10},"end":{"line":143,"column":3}},"line":139}},"f":{"0":12,"1":1,"2":11,"3":13,"4":13,"5":12,"6":120,"7":12,"8":12,"9":12,"10":3,"11":12,"12":2,"13":11,"14":9,"15":3,"16":2,"17":2}}
,"/media/alekstar79/Cargo/Home/Projects/lightbox/src/core/bindings.ts": {"path":"/media/alekstar79/Cargo/Home/Projects/lightbox/src/core/bindings.ts","all":false,"statementMap":{"5":{"start":{"line":6,"column":0},"end":{"line":6,"column":22}},"6":{"start":{"line":7,"column":0},"end":{"line":7,"column":31}},"8":{"start":{"line":9,"column":0},"end":{"line":9,"column":38}},"9":{"start":{"line":10,"column":0},"end":{"line":10,"column":29}},"10":{"start":{"line":11,"column":0},"end":{"line":11,"column":3}},"12":{"start":{"line":13,"column":0},"end":{"line":13,"column":43}},"13":{"start":{"line":14,"column":0},"end":{"line":14,"column":31}},"14":{"start":{"line":15,"column":0},"end":{"line":15,"column":3}},"15":{"start":{"line":16,"column":0},"end":{"line":16,"column":1}},"17":{"start":{"line":18,"column":0},"end":{"line":18,"column":15}},"18":{"start":{"line":19,"column":0},"end":{"line":19,"column":36}},"19":{"start":{"line":20,"column":0},"end":{"line":20,"column":44}},"21":{"start":{"line":22,"column":0},"end":{"line":22,"column":72}},"22":{"start":{"line":23,"column":0},"end":{"line":23,"column":25}},"23":{"start":{"line":24,"column":0},"end":{"line":24,"column":26}},"24":{"start":{"line":25,"column":0},"end":{"line":25,"column":3}},"25":{"start":{"line":26,"column":0},"end":{"line":26,"column":1}},"27":{"start":{"line":28,"column":0},"end":{"line":28,"column":23}},"28":{"start":{"line":29,"column":0},"end":{"line":29,"column":45}},"29":{"start":{"line":30,"column":0},"end":{"line":30,"column":44}},"31":{"start":{"line":32,"column":0},"end":{"line":32,"column":34}},"32":{"start":{"line":33,"column":0},"end":{"line":33,"column":43}},"33":{"start":{"line":34,"column":0},"end":{"line":34,"column":3}},"35":{"start":{"line":36,"column":0},"end":{"line":36,"column":17}},"36":{"start":{"line":37,"column":0},"end":{"line":37,"column":42}},"37":{"start":{"line":38,"column":0},"end":{"line":38,"column":38}},"38":{"start":{"line":39,"column":0},"end":{"line":39,"column":42}},"39":{"start":{"line":40,"column":0},"end":{"line":40,"column":36}},"40":{"start":{"line":41,"column":0},"end":{"line":41,"column":40}},"41":{"start":{"line":42,"column":0},"end":{"line":42,"column":42}},"42":{"start":{"line":43,"column":0},"end":{"line":43,"column":3}},"44":{"start":{"line":45,"column":0},"end":{"line":45,"column":43}},"45":{"start":{"line":46,"column":0},"end":{"line":46,"column":24}},"47":{"start":{"line":48,"column":0},"end":{"line":48,"column":37}},"48":{"start":{"line":49,"column":0},"end":{"line":49,"column":36}},"49":{"start":{"line":50,"column":0},"end":{"line":50,"column":36}},"50":{"start":{"line":51,"column":0},"end":{"line":51,"column":26}},"51":{"start":{"line":52,"column":0},"end":{"line":52,"column":21}},"52":{"start":{"line":53,"column":0},"end":{"line":53,"column":13}},"53":{"start":{"line":54,"column":0},"end":{"line":54,"column":7}},"54":{"start":{"line":55,"column":0},"end":{"line":55,"column":5}},"55":{"start":{"line":56,"column":0},"end":{"line":56,"column":3}},"57":{"start":{"line":58,"column":0},"end":{"line":58,"column":73}},"58":{"start":{"line":59,"column":0},"end":{"line":59,"column":61}},"59":{"start":{"line":60,"column":0},"end":{"line":60,"column":25}},"60":{"start":{"line":61,"column":0},"end":{"line":61,"column":13}},"61":{"start":{"line":62,"column":0},"end":{"line":62,"column":3}},"63":{"start":{"line":64,"column":0},"end":{"line":64,"column":51}},"64":{"start":{"line":65,"column":0},"end":{"line":65,"column":54}},"65":{"start":{"line":66,"column":0},"end":{"line":66,"column":3}},"67":{"start":{"line":68,"column":0},"end":{"line":68,"column":40}},"68":{"start":{"line":69,"column":0},"end":{"line":69,"column":14}},"69":{"start":{"line":70,"column":0},"end":{"line":70,"column":49}},"70":{"start":{"line":71,"column":0},"end":{"line":71,"column":12}},"71":{"start":{"line":72,"column":0},"end":{"line":72,"column":27}},"72":{"start":{"line":73,"column":0},"end":{"line":73,"column":5}},"73":{"start":{"line":74,"column":0},"end":{"line":74,"column":3}},"75":{"start":{"line":76,"column":0},"end":{"line":76,"column":24}},"76":{"start":{"line":77,"column":0},"end":{"line":77,"column":52}},"77":{"start":{"line":78,"column":0},"end":{"line":78,"column":3}},"79":{"start":{"line":80,"column":0},"end":{"line":80,"column":26}},"80":{"start":{"line":81,"column":0},"end":{"line":81,"column":55}},"81":{"start":{"line":82,"column":0},"end":{"line":82,"column":3}},"83":{"start":{"line":84,"column":0},"end":{"line":84,"column":26}},"84":{"start":{"line":85,"column":0},"end":{"line":85,"column":25}},"85":{"start":{"line":86,"column":0},"end":{"line":86,"column":3}},"86":{"start":{"line":87,"column":0},"end":{"line":87,"column":1}}},"s":{"5":1,"6":8,"8":8,"9":8,"10":8,"12":8,"13":4,"14":4,"15":8,"17":1,"18":8,"19":8,"21":8,"22":8,"23":8,"24":8,"25":8,"27":1,"28":9,"29":9,"31":9,"32":0,"33":0,"35":9,"36":7,"37":7,"38":7,"39":7,"40":7,"41":7,"42":7,"44":9,"45":7,"47":7,"48":4,"49":2,"50":2,"51":2,"52":2,"53":2,"54":4,"55":7,"57":9,"58":8,"59":8,"60":8,"61":8,"63":9,"64":7,"65":7,"67":9,"68":2,"69":1,"70":1,"71":1,"72":1,"73":2,"75":9,"76":7,"77":7,"79":9,"80":8,"81":8,"83":9,"84":1,"85":1,"86":9},"branchMap":{"0":{"type":"branch","line":6,"loc":{"start":{"line":6,"column":21},"end":{"line":16,"column":1}},"locations":[{"start":{"line":6,"column":21},"end":{"line":16,"column":1}}]},"1":{"type":"branch","line":9,"loc":{"start":{"line":9,"column":2},"end":{"line":11,"column":3}},"locations":[{"start":{"line":9,"column":2},"end":{"line":11,"column":3}}]},"2":{"type":"branch","line":13,"loc":{"start":{"line":13,"column":9},"end":{"line":15,"column":3}},"locations":[{"start":{"line":13,"column":9},"end":{"line":15,"column":3}}]},"3":{"type":"branch","line":18,"loc":{"start":{"line":18,"column":14},"end":{"line":26,"column":1}},"locations":[{"start":{"line":18,"column":14},"end":{"line":26,"column":1}}]},"4":{"type":"branch","line":22,"loc":{"start":{"line":22,"column":2},"end":{"line":25,"column":3}},"locations":[{"start":{"line":22,"column":2},"end":{"line":25,"column":3}}]},"5":{"type":"branch","line":28,"loc":{"start":{"line":28,"column":22},"end":{"line":87,"column":1}},"locations":[{"start":{"line":28,"column":22},"end":{"line":87,"column":1}}]},"6":{"type":"branch","line":36,"loc":{"start":{"line":36,"column":2},"end":{"line":43,"column":3}},"locations":[{"start":{"line":36,"column":2},"end":{"line":43,"column":3}}]},"7":{"type":"branch","line":45,"loc":{"start":{"line":45,"column":10},"end":{"line":56,"column":3}},"locations":[{"start":{"line":45,"column":10},"end":{"line":56,"column":3}}]},"8":{"type":"branch","line":46,"loc":{"start":{"line":46,"column":18},"end":{"line":46,"column":24}},"locations":[{"start":{"line":46,"column":18},"end":{"line":46,"column":24}}]},"9":{"type":"branch","line":46,"loc":{"start":{"line":46,"column":18},"end":{"line":48,"column":36}},"locations":[{"start":{"line":46,"column":18},"end":{"line":48,"column":36}}]},"10":{"type":"branch","line":48,"loc":{"start":{"line":48,"column":36},"end":{"line":55,"column":5}},"locations":[{"start":{"line":48,"column":36},"end":{"line":55,"column":5}}]},"11":{"type":"branch","line":49,"loc":{"start":{"line":49,"column":35},"end":{"line":54,"column":7}},"locations":[{"start":{"line":49,"column":35},"end":{"line":54,"column":7}}]},"12":{"type":"branch","line":55,"loc":{"start":{"line":55,"column":4},"end":{"line":55,"column":5}},"locations":[{"start":{"line":55,"column":4},"end":{"line":55,"column":5}}]},"13":{"type":"branch","line":58,"loc":{"start":{"line":58,"column":9},"end":{"line":62,"column":3}},"locations":[{"start":{"line":58,"column":9},"end":{"line":62,"column":3}}]},"14":{"type":"branch","line":64,"loc":{"start":{"line":64,"column":9},"end":{"line":66,"column":3}},"locations":[{"start":{"line":64,"column":9},"end":{"line":66,"column":3}}]},"15":{"type":"branch","line":65,"loc":{"start":{"line":65,"column":22},"end":{"line":65,"column":53}},"locations":[{"start":{"line":65,"column":22},"end":{"line":65,"column":53}}]},"16":{"type":"branch","line":68,"loc":{"start":{"line":68,"column":9},"end":{"line":74,"column":3}},"locations":[{"start":{"line":68,"column":9},"end":{"line":74,"column":3}}]},"17":{"type":"branch","line":69,"loc":{"start":{"line":69,"column":13},"end":{"line":73,"column":5}},"locations":[{"start":{"line":69,"column":13},"end":{"line":73,"column":5}}]},"18":{"type":"branch","line":70,"loc":{"start":{"line":70,"column":18},"end":{"line":70,"column":48}},"locations":[{"start":{"line":70,"column":18},"end":{"line":70,"column":48}}]},"19":{"type":"branch","line":76,"loc":{"start":{"line":76,"column":9},"end":{"line":78,"column":3}},"locations":[{"start":{"line":76,"column":9},"end":{"line":78,"column":3}}]},"20":{"type":"branch","line":80,"loc":{"start":{"line":80,"column":9},"end":{"line":82,"column":3}},"locations":[{"start":{"line":80,"column":9},"end":{"line":82,"column":3}}]},"21":{"type":"branch","line":84,"loc":{"start":{"line":84,"column":9},"end":{"line":86,"column":3}},"locations":[{"start":{"line":84,"column":9},"end":{"line":86,"column":3}}]}},"b":{"0":[8],"1":[8],"2":[4],"3":[8],"4":[8],"5":[9],"6":[7],"7":[7],"8":[1],"9":[6],"10":[4],"11":[2],"12":[6],"13":[8],"14":[7],"15":[8],"16":[2],"17":[1],"18":[1],"19":[7],"20":[8],"21":[1]},"fnMap":{"0":{"name":"<instance_members_initializer>","decl":{"start":{"line":6,"column":21},"end":{"line":16,"column":1}},"loc":{"start":{"line":6,"column":21},"end":{"line":16,"column":1}},"line":6},"1":{"name":"KeyCombination","decl":{"start":{"line":9,"column":2},"end":{"line":11,"column":3}},"loc":{"start":{"line":9,"column":2},"end":{"line":11,"column":3}},"line":9},"2":{"name":"match","decl":{"start":{"line":13,"column":9},"end":{"line":15,"column":3}},"loc":{"start":{"line":13,"column":9},"end":{"line":15,"column":3}},"line":13},"3":{"name":"<instance_members_initializer>","decl":{"start":{"line":18,"column":14},"end":{"line":26,"column":1}},"loc":{"start":{"line":18,"column":14},"end":{"line":26,"column":1}},"line":18},"4":{"name":"Keybind","decl":{"start":{"line":22,"column":2},"end":{"line":25,"column":3}},"loc":{"start":{"line":22,"column":2},"end":{"line":25,"column":3}},"line":22},"5":{"name":"<instance_members_initializer>","decl":{"start":{"line":28,"column":22},"end":{"line":87,"column":1}},"loc":{"start":{"line":28,"column":22},"end":{"line":87,"column":1}},"line":28},"6":{"name":"init","decl":{"start":{"line":32,"column":16},"end":{"line":34,"column":3}},"loc":{"start":{"line":32,"column":16},"end":{"line":34,"column":3}},"line":32},"7":{"name":"Bindings","decl":{"start":{"line":36,"column":2},"end":{"line":43,"column":3}},"loc":{"start":{"line":36,"column":2},"end":{"line":43,"column":3}},"line":36},"8":{"name":"handler","decl":{"start":{"line":45,"column":10},"end":{"line":56,"column":3}},"loc":{"start":{"line":45,"column":10},"end":{"line":56,"column":3}},"line":45},"9":{"name":"on","decl":{"start":{"line":58,"column":9},"end":{"line":62,"column":3}},"loc":{"start":{"line":58,"column":9},"end":{"line":62,"column":3}},"line":58},"10":{"name":"bind","decl":{"start":{"line":64,"column":9},"end":{"line":66,"column":3}},"loc":{"start":{"line":64,"column":9},"end":{"line":66,"column":3}},"line":64},"11":{"name":"unbind","decl":{"start":{"line":68,"column":9},"end":{"line":74,"column":3}},"loc":{"start":{"line":68,"column":9},"end":{"line":74,"column":3}},"line":68},"12":{"name":"track","decl":{"start":{"line":76,"column":9},"end":{"line":78,"column":3}},"loc":{"start":{"line":76,"column":9},"end":{"line":78,"column":3}},"line":76},"13":{"name":"untrack","decl":{"start":{"line":80,"column":9},"end":{"line":82,"column":3}},"loc":{"start":{"line":80,"column":9},"end":{"line":82,"column":3}},"line":80},"14":{"name":"dispose","decl":{"start":{"line":84,"column":9},"end":{"line":86,"column":3}},"loc":{"start":{"line":84,"column":9},"end":{"line":86,"column":3}},"line":84}},"f":{"0":8,"1":8,"2":4,"3":8,"4":8,"5":9,"6":0,"7":7,"8":7,"9":8,"10":7,"11":2,"12":7,"13":8,"14":1}}
,"/media/alekstar79/Cargo/Home/Projects/lightbox/src/core/emitter.ts": {"path":"/media/alekstar79/Cargo/Home/Projects/lightbox/src/core/emitter.ts","all":false,"statementMap":{"7":{"start":{"line":8,"column":0},"end":{"line":8,"column":22}},"8":{"start":{"line":9,"column":0},"end":{"line":9,"column":54}},"9":{"start":{"line":10,"column":0},"end":{"line":10,"column":46}},"11":{"start":{"line":12,"column":0},"end":{"line":12,"column":64}},"12":{"start":{"line":13,"column":0},"end":{"line":13,"column":68}},"14":{"start":{"line":15,"column":0},"end":{"line":15,"column":21}},"15":{"start":{"line":16,"column":0},"end":{"line":16,"column":56}},"16":{"start":{"line":17,"column":0},"end":{"line":17,"column":45}},"17":{"start":{"line":18,"column":0},"end":{"line":18,"column":5}},"18":{"start":{"line":19,"column":0},"end":{"line":19,"column":3}},"20":{"start":{"line":21,"column":0},"end":{"line":21,"column":56}},"21":{"start":{"line":22,"column":0},"end":{"line":22,"column":37}},"22":{"start":{"line":23,"column":0},"end":{"line":23,"column":32}},"24":{"start":{"line":25,"column":0},"end":{"line":25,"column":33}},"25":{"start":{"line":26,"column":0},"end":{"line":26,"column":3}},"27":{"start":{"line":28,"column":0},"end":{"line":28,"column":52}},"28":{"start":{"line":29,"column":0},"end":{"line":29,"column":41}},"29":{"start":{"line":30,"column":0},"end":{"line":30,"column":27}},"30":{"start":{"line":31,"column":0},"end":{"line":31,"column":26}},"31":{"start":{"line":32,"column":0},"end":{"line":32,"column":5}},"33":{"start":{"line":34,"column":0},"end":{"line":34,"column":24}},"34":{"start":{"line":35,"column":0},"end":{"line":35,"column":3}},"36":{"start":{"line":37,"column":0},"end":{"line":37,"column":51}},"37":{"start":{"line":38,"column":0},"end":{"line":38,"column":32}},"39":{"start":{"line":40,"column":0},"end":{"line":40,"column":43}},"40":{"start":{"line":41,"column":0},"end":{"line":41,"column":19}},"41":{"start":{"line":42,"column":0},"end":{"line":42,"column":36}},"42":{"start":{"line":43,"column":0},"end":{"line":43,"column":5}},"43":{"start":{"line":44,"column":0},"end":{"line":44,"column":3}},"45":{"start":{"line":46,"column":0},"end":{"line":46,"column":49}},"46":{"start":{"line":47,"column":0},"end":{"line":47,"column":27}},"47":{"start":{"line":48,"column":0},"end":{"line":48,"column":47}},"48":{"start":{"line":49,"column":0},"end":{"line":49,"column":5}},"50":{"start":{"line":51,"column":0},"end":{"line":51,"column":63}},"51":{"start":{"line":52,"column":0},"end":{"line":52,"column":3}},"52":{"start":{"line":53,"column":0},"end":{"line":53,"column":1}},"54":{"start":{"line":55,"column":0},"end":{"line":55,"column":36}}},"s":{"7":1,"8":5,"9":5,"11":5,"12":4,"14":4,"15":1,"16":1,"17":1,"18":4,"20":5,"21":4,"22":4,"24":4,"25":4,"27":5,"28":1,"29":1,"30":1,"31":1,"33":1,"34":1,"36":5,"37":2,"39":2,"40":2,"41":2,"42":2,"43":2,"45":5,"46":5,"47":1,"48":1,"50":5,"51":5,"52":5,"54":1},"branchMap":{"0":{"type":"branch","line":8,"loc":{"start":{"line":8,"column":21},"end":{"line":53,"column":1}},"locations":[{"start":{"line":8,"column":21},"end":{"line":53,"column":1}}]},"1":{"type":"branch","line":12,"loc":{"start":{"line":12,"column":10},"end":{"line":19,"column":3}},"locations":[{"start":{"line":12,"column":10},"end":{"line":19,"column":3}}]},"2":{"type":"branch","line":15,"loc":{"start":{"line":15,"column":20},"end":{"line":18,"column":5}},"locations":[{"start":{"line":15,"column":20},"end":{"line":18,"column":5}}]},"3":{"type":"branch","line":13,"loc":{"start":{"line":13,"column":51},"end":{"line":13,"column":67}},"locations":[{"start":{"line":13,"column":51},"end":{"line":13,"column":67}}]},"4":{"type":"branch","line":21,"loc":{"start":{"line":21,"column":9},"end":{"line":26,"column":3}},"locations":[{"start":{"line":21,"column":9},"end":{"line":26,"column":3}}]},"5":{"type":"branch","line":25,"loc":{"start":{"line":25,"column":11},"end":{"line":25,"column":33}},"locations":[{"start":{"line":25,"column":11},"end":{"line":25,"column":33}}]},"6":{"type":"branch","line":28,"loc":{"start":{"line":28,"column":9},"end":{"line":35,"column":3}},"locations":[{"start":{"line":28,"column":9},"end":{"line":35,"column":3}}]},"7":{"type":"branch","line":29,"loc":{"start":{"line":29,"column":20},"end":{"line":32,"column":5}},"locations":[{"start":{"line":29,"column":20},"end":{"line":32,"column":5}}]},"8":{"type":"branch","line":37,"loc":{"start":{"line":37,"column":9},"end":{"line":44,"column":3}},"locations":[{"start":{"line":37,"column":9},"end":{"line":44,"column":3}}]},"9":{"type":"branch","line":38,"loc":{"start":{"line":38,"column":26},"end":{"line":38,"column":32}},"locations":[{"start":{"line":38,"column":26},"end":{"line":38,"column":32}}]},"10":{"type":"branch","line":46,"loc":{"start":{"line":46,"column":9},"end":{"line":52,"column":3}},"locations":[{"start":{"line":46,"column":9},"end":{"line":52,"column":3}}]},"11":{"type":"branch","line":47,"loc":{"start":{"line":47,"column":26},"end":{"line":49,"column":5}},"locations":[{"start":{"line":47,"column":26},"end":{"line":49,"column":5}}]},"12":{"type":"branch","line":51,"loc":{"start":{"line":51,"column":19},"end":{"line":51,"column":28}},"locations":[{"start":{"line":51,"column":19},"end":{"line":51,"column":28}}]},"13":{"type":"branch","line":51,"loc":{"start":{"line":51,"column":36},"end":{"line":51,"column":62}},"locations":[{"start":{"line":51,"column":36},"end":{"line":51,"column":62}}]}},"b":{"0":[5],"1":[4],"2":[1],"3":[1],"4":[4],"5":[1],"6":[1],"7":[1],"8":[2],"9":[0],"10":[5],"11":[1],"12":[1],"13":[2]},"fnMap":{"0":{"name":"<instance_members_initializer>","decl":{"start":{"line":8,"column":21},"end":{"line":53,"column":1}},"loc":{"start":{"line":8,"column":21},"end":{"line":53,"column":1}},"line":8},"1":{"name":"applyAwaitEvent","decl":{"start":{"line":12,"column":10},"end":{"line":19,"column":3}},"loc":{"start":{"line":12,"column":10},"end":{"line":19,"column":3}},"line":12},"2":{"name":"on","decl":{"start":{"line":21,"column":9},"end":{"line":26,"column":3}},"loc":{"start":{"line":21,"column":9},"end":{"line":26,"column":3}},"line":21},"3":{"name":"once","decl":{"start":{"line":28,"column":9},"end":{"line":35,"column":3}},"loc":{"start":{"line":28,"column":9},"end":{"line":35,"column":3}},"line":28},"4":{"name":"handler","decl":{"start":{"line":29,"column":20},"end":{"line":32,"column":5}},"loc":{"start":{"line":29,"column":20},"end":{"line":32,"column":5}},"line":29},"5":{"name":"off","decl":{"start":{"line":37,"column":9},"end":{"line":44,"column":3}},"loc":{"start":{"line":37,"column":9},"end":{"line":44,"column":3}},"line":37},"6":{"name":"emit","decl":{"start":{"line":46,"column":9},"end":{"line":52,"column":3}},"loc":{"start":{"line":46,"column":9},"end":{"line":52,"column":3}},"line":46}},"f":{"0":5,"1":4,"2":4,"3":1,"4":1,"5":2,"6":5}}
,"/media/alekstar79/Cargo/Home/Projects/lightbox/src/core/fullscreen.ts": {"path":"/media/alekstar79/Cargo/Home/Projects/lightbox/src/core/fullscreen.ts","all":true,"statementMap":{"0":{"start":{"line":1,"column":0},"end":{"line":1,"column":23}},"1":{"start":{"line":2,"column":0},"end":{"line":2,"column":3}},"2":{"start":{"line":3,"column":0},"end":{"line":3,"column":24}},"3":{"start":{"line":4,"column":0},"end":{"line":4,"column":21}},"4":{"start":{"line":5,"column":0},"end":{"line":5,"column":24}},"5":{"start":{"line":6,"column":0},"end":{"line":6,"column":24}},"6":{"start":{"line":7,"column":0},"end":{"line":7,"column":23}},"7":{"start":{"line":8,"column":0},"end":{"line":8,"column":21}},"8":{"start":{"line":9,"column":0},"end":{"line":9,"column":4}},"9":{"start":{"line":10,"column":0},"end":{"line":10,"column":3}},"10":{"start":{"line":11,"column":0},"end":{"line":11,"column":30}},"11":{"start":{"line":12,"column":0},"end":{"line":12,"column":27}},"12":{"start":{"line":13,"column":0},"end":{"line":13,"column":30}},"13":{"start":{"line":14,"column":0},"end":{"line":14,"column":30}},"14":{"start":{"line":15,"column":0},"end":{"line":15,"column":29}},"15":{"start":{"line":16,"column":0},"end":{"line":16,"column":27}},"16":{"start":{"line":17,"column":0},"end":{"line":17,"column":4}},"17":{"start":{"line":18,"column":0},"end":{"line":18,"column":3}},"18":{"start":{"line":19,"column":0},"end":{"line":19,"column":30}},"19":{"start":{"line":20,"column":0},"end":{"line":20,"column":29}},"20":{"start":{"line":21,"column":0},"end":{"line":21,"column":37}},"21":{"start":{"line":22,"column":0},"end":{"line":22,"column":29}},"22":{"start":{"line":23,"column":0},"end":{"line":23,"column":29}},"23":{"start":{"line":24,"column":0},"end":{"line":24,"column":27}},"24":{"start":{"line":25,"column":0},"end":{"line":25,"column":4}},"25":{"start":{"line":26,"column":0},"end":{"line":26,"column":3}},"26":{"start":{"line":27,"column":0},"end":{"line":27,"column":27}},"27":{"start":{"line":28,"column":0},"end":{"line":28,"column":26}},"28":{"start":{"line":29,"column":0},"end":{"line":29,"column":27}},"29":{"start":{"line":30,"column":0},"end":{"line":30,"column":27}},"30":{"start":{"line":31,"column":0},"end":{"line":31,"column":26}},"31":{"start":{"line":32,"column":0},"end":{"line":32,"column":24}},"32":{"start":{"line":33,"column":0},"end":{"line":33,"column":4}},"33":{"start":{"line":34,"column":0},"end":{"line":34,"column":3}},"34":{"start":{"line":35,"column":0},"end":{"line":35,"column":26}},"35":{"start":{"line":36,"column":0},"end":{"line":36,"column":23}},"36":{"start":{"line":37,"column":0},"end":{"line":37,"column":26}},"37":{"start":{"line":38,"column":0},"end":{"line":38,"column":26}},"38":{"start":{"line":39,"column":0},"end":{"line":39,"column":25}},"39":{"start":{"line":40,"column":0},"end":{"line":40,"column":23}},"40":{"start":{"line":41,"column":0},"end":{"line":41,"column":4}},"41":{"start":{"line":42,"column":0},"end":{"line":42,"column":1}},"52":{"start":{"line":53,"column":0},"end":{"line":53,"column":37}},"53":{"start":{"line":54,"column":0},"end":{"line":54,"column":45}},"54":{"start":{"line":55,"column":0},"end":{"line":55,"column":27}},"55":{"start":{"line":56,"column":0},"end":{"line":56,"column":42}},"56":{"start":{"line":57,"column":0},"end":{"line":57,"column":47}},"57":{"start":{"line":58,"column":0},"end":{"line":58,"column":5}},"59":{"start":{"line":60,"column":0},"end":{"line":60,"column":15}},"60":{"start":{"line":61,"column":0},"end":{"line":61,"column":3}},"62":{"start":{"line":63,"column":0},"end":{"line":63,"column":14}},"63":{"start":{"line":64,"column":0},"end":{"line":64,"column":2}},"65":{"start":{"line":66,"column":0},"end":{"line":66,"column":75}},"67":{"start":{"line":68,"column":0},"end":{"line":68,"column":17}},"68":{"start":{"line":69,"column":0},"end":{"line":69,"column":77}},"69":{"start":{"line":70,"column":0},"end":{"line":70,"column":75}},"70":{"start":{"line":71,"column":0},"end":{"line":71,"column":4}},"72":{"start":{"line":73,"column":0},"end":{"line":73,"column":104}},"73":{"start":{"line":74,"column":0},"end":{"line":74,"column":45}},"74":{"start":{"line":75,"column":0},"end":{"line":75,"column":41}},"75":{"start":{"line":76,"column":0},"end":{"line":76,"column":47}},"76":{"start":{"line":77,"column":0},"end":{"line":77,"column":17}},"77":{"start":{"line":78,"column":0},"end":{"line":78,"column":7}},"79":{"start":{"line":80,"column":0},"end":{"line":80,"column":44}},"81":{"start":{"line":82,"column":0},"end":{"line":82,"column":72}},"83":{"start":{"line":84,"column":0},"end":{"line":84,"column":39}},"84":{"start":{"line":85,"column":0},"end":{"line":85,"column":55}},"85":{"start":{"line":86,"column":0},"end":{"line":86,"column":7}},"86":{"start":{"line":87,"column":0},"end":{"line":87,"column":6}},"87":{"start":{"line":88,"column":0},"end":{"line":88,"column":4}},"89":{"start":{"line":90,"column":0},"end":{"line":90,"column":25}},"90":{"start":{"line":91,"column":0},"end":{"line":91,"column":45}},"91":{"start":{"line":92,"column":0},"end":{"line":92,"column":31}},"92":{"start":{"line":93,"column":0},"end":{"line":93,"column":17}},"93":{"start":{"line":94,"column":0},"end":{"line":94,"column":14}},"94":{"start":{"line":95,"column":0},"end":{"line":95,"column":7}},"96":{"start":{"line":97,"column":0},"end":{"line":97,"column":38}},"97":{"start":{"line":98,"column":0},"end":{"line":98,"column":44}},"98":{"start":{"line":99,"column":0},"end":{"line":99,"column":17}},"99":{"start":{"line":100,"column":0},"end":{"line":100,"column":8}},"101":{"start":{"line":102,"column":0},"end":{"line":102,"column":41}},"103":{"start":{"line":104,"column":0},"end":{"line":104,"column":60}},"105":{"start":{"line":106,"column":0},"end":{"line":106,"column":36}},"106":{"start":{"line":107,"column":0},"end":{"line":107,"column":49}},"107":{"start":{"line":108,"column":0},"end":{"line":108,"column":7}},"108":{"start":{"line":109,"column":0},"end":{"line":109,"column":6}},"109":{"start":{"line":110,"column":0},"end":{"line":110,"column":4}},"111":{"start":{"line":112,"column":0},"end":{"line":112,"column":64}},"112":{"start":{"line":113,"column":0},"end":{"line":113,"column":37}},"114":{"start":{"line":115,"column":0},"end":{"line":115,"column":20}},"115":{"start":{"line":116,"column":0},"end":{"line":116,"column":59}},"116":{"start":{"line":117,"column":0},"end":{"line":117,"column":5}},"117":{"start":{"line":118,"column":0},"end":{"line":118,"column":4}},"119":{"start":{"line":120,"column":0},"end":{"line":120,"column":65}},"120":{"start":{"line":121,"column":0},"end":{"line":121,"column":37}},"122":{"start":{"line":123,"column":0},"end":{"line":123,"column":20}},"123":{"start":{"line":124,"column":0},"end":{"line":124,"column":62}},"124":{"start":{"line":125,"column":0},"end":{"line":125,"column":5}},"125":{"start":{"line":126,"column":0},"end":{"line":126,"column":4}},"127":{"start":{"line":128,"column":0},"end":{"line":128,"column":31}},"128":{"start":{"line":129,"column":0},"end":{"line":129,"column":60}},"129":{"start":{"line":130,"column":0},"end":{"line":130,"column":4}},"131":{"start":{"line":132,"column":0},"end":{"line":132,"column":28}},"132":{"start":{"line":133,"column":0},"end":{"line":133,"column":60}},"133":{"start":{"line":134,"column":0},"end":{"line":134,"column":4}},"135":{"start":{"line":136,"column":0},"end":{"line":136,"column":33}},"136":{"start":{"line":137,"column":0},"end":{"line":137,"column":59}},"137":{"start":{"line":138,"column":0},"end":{"line":138,"column":4}},"138":{"start":{"line":139,"column":0},"end":{"line":139,"column":1}},"140":{"start":{"line":141,"column":0},"end":{"line":141,"column":35}},"141":{"start":{"line":142,"column":0},"end":{"line":142,"column":11}},"142":{"start":{"line":143,"column":0},"end":{"line":143,"column":5}},"143":{"start":{"line":144,"column":0},"end":{"line":144,"column":23}},"144":{"start":{"line":145,"column":0},"end":{"line":145,"column":26}},"145":{"start":{"line":146,"column":0},"end":{"line":146,"column":20}},"146":{"start":{"line":147,"column":0},"end":{"line":147,"column":38}},"147":{"start":{"line":148,"column":0},"end":{"line":148,"column":19}},"148":{"start":{"line":149,"column":0},"end":{"line":149,"column":20}},"149":{"start":{"line":150,"column":0},"end":{"line":150,"column":39}},"150":{"start":{"line":151,"column":0},"end":{"line":151,"column":35}},"151":{"start":{"line":152,"column":0},"end":{"line":152,"column":5}}},"s":{"0":0,"1":0,"2":0,"3":0,"4":0,"5":0,"6":0,"7":0,"8":0,"9":0,"10":0,"11":0,"12":0,"13":0,"14":0,"15":0,"16":0,"17":0,"18":0,"19":0,"20":0,"21":0,"22":0,"23":0,"24":0,"25":0,"26":0,"27":0,"28":0,"29":0,"30":0,"31":0,"32":0,"33":0,"34":0,"35":0,"36":0,"37":0,"38":0,"39":0,"40":0,"41":0,"52":0,"53":0,"54":0,"55":0,"56":0,"57":0,"59":0,"60":0,"62":0,"63":0,"65":0,"67":0,"68":0,"69":0,"70":0,"72":0,"73":0,"74":0,"75":0,"76":0,"77":0,"79":0,"81":0,"83":0,"84":0,"85":0,"86":0,"87":0,"89":0,"90":0,"91":0,"92":0,"93":0,"94":0,"96":0,"97":0,"98":0,"99":0,"101":0,"103":0,"105":0,"106":0,"107":0,"108":0,"109":0,"111":0,"112":0,"114":0,"115":0,"116":0,"117":0,"119":0,"120":0,"122":0,"123":0,"124":0,"125":0,"127":0,"128":0,"129":0,"131":0,"132":0,"133":0,"135":0,"136":0,"137":0,"138":0,"140":0,"141":0,"142":0,"143":0,"144":0,"145":0,"146":0,"147":0,"148":0,"149":0,"150":0,"151":0},"branchMap":{"0":{"type":"branch","line":1,"loc":{"start":{"line":1,"column":3559},"end":{"line":152,"column":5}},"locations":[{"start":{"line":1,"column":3559},"end":{"line":152,"column":5}}]}},"b":{"0":[0]},"fnMap":{"0":{"name":"(empty-report)","decl":{"start":{"line":1,"column":3559},"end":{"line":152,"column":5}},"loc":{"start":{"line":1,"column":3559},"end":{"line":152,"column":5}},"line":1}},"f":{"0":0}}
,"/media/alekstar79/Cargo/Home/Projects/lightbox/src/core/renderer.ts": {"path":"/media/alekstar79/Cargo/Home/Projects/lightbox/src/core/renderer.ts","all":true,"statementMap":{"15":{"start":{"line":16,"column":0},"end":{"line":16,"column":23}},"16":{"start":{"line":17,"column":0},"end":{"line":17,"column":27}},"24":{"start":{"line":25,"column":0},"end":{"line":25,"column":88}},"25":{"start":{"line":26,"column":0},"end":{"line":26,"column":18}},"26":{"start":{"line":27,"column":0},"end":{"line":27,"column":14}},"27":{"start":{"line":28,"column":0},"end":{"line":28,"column":15}},"28":{"start":{"line":29,"column":0},"end":{"line":29,"column":15}},"29":{"start":{"line":30,"column":0},"end":{"line":30,"column":23}},"30":{"start":{"line":31,"column":0},"end":{"line":31,"column":23}},"31":{"start":{"line":32,"column":0},"end":{"line":32,"column":22}},"32":{"start":{"line":33,"column":0},"end":{"line":33,"column":22}},"33":{"start":{"line":34,"column":0},"end":{"line":34,"column":19}},"34":{"start":{"line":35,"column":0},"end":{"line":35,"column":19}},"35":{"start":{"line":36,"column":0},"end":{"line":36,"column":16}},"36":{"start":{"line":37,"column":0},"end":{"line":37,"column":7}},"37":{"start":{"line":38,"column":0},"end":{"line":38,"column":5}},"38":{"start":{"line":39,"column":0},"end":{"line":39,"column":3}},"40":{"start":{"line":41,"column":0},"end":{"line":41,"column":121}},"41":{"start":{"line":42,"column":0},"end":{"line":42,"column":42}},"43":{"start":{"line":44,"column":0},"end":{"line":44,"column":109}},"45":{"start":{"line":46,"column":0},"end":{"line":46,"column":121}},"46":{"start":{"line":47,"column":0},"end":{"line":47,"column":89}},"47":{"start":{"line":48,"column":0},"end":{"line":48,"column":61}},"48":{"start":{"line":49,"column":0},"end":{"line":49,"column":51}},"49":{"start":{"line":50,"column":0},"end":{"line":50,"column":63}},"50":{"start":{"line":51,"column":0},"end":{"line":51,"column":19}},"52":{"start":{"line":53,"column":0},"end":{"line":53,"column":195}},"53":{"start":{"line":54,"column":0},"end":{"line":54,"column":68}},"54":{"start":{"line":55,"column":0},"end":{"line":55,"column":63}},"55":{"start":{"line":56,"column":0},"end":{"line":56,"column":28}},"56":{"start":{"line":57,"column":0},"end":{"line":57,"column":3}},"58":{"start":{"line":59,"column":0},"end":{"line":59,"column":180}},"59":{"start":{"line":60,"column":0},"end":{"line":60,"column":82}},"61":{"start":{"line":62,"column":0},"end":{"line":62,"column":89}},"62":{"start":{"line":63,"column":0},"end":{"line":63,"column":68}},"63":{"start":{"line":64,"column":0},"end":{"line":64,"column":63}},"64":{"start":{"line":65,"column":0},"end":{"line":65,"column":49}},"65":{"start":{"line":66,"column":0},"end":{"line":66,"column":45}},"66":{"start":{"line":67,"column":0},"end":{"line":67,"column":23}},"67":{"start":{"line":68,"column":0},"end":{"line":68,"column":17}},"68":{"start":{"line":69,"column":0},"end":{"line":69,"column":15}},"69":{"start":{"line":70,"column":0},"end":{"line":70,"column":14}},"70":{"start":{"line":71,"column":0},"end":{"line":71,"column":6}},"72":{"start":{"line":73,"column":0},"end":{"line":73,"column":28}},"73":{"start":{"line":74,"column":0},"end":{"line":74,"column":27}},"75":{"start":{"line":76,"column":0},"end":{"line":76,"column":38}},"76":{"start":{"line":77,"column":0},"end":{"line":77,"column":38}},"78":{"start":{"line":79,"column":0},"end":{"line":79,"column":74}},"80":{"start":{"line":81,"column":0},"end":{"line":81,"column":34}},"81":{"start":{"line":82,"column":0},"end":{"line":82,"column":54}},"82":{"start":{"line":83,"column":0},"end":{"line":83,"column":49}},"83":{"start":{"line":84,"column":0},"end":{"line":84,"column":18}},"84":{"start":{"line":85,"column":0},"end":{"line":85,"column":6}},"86":{"start":{"line":87,"column":0},"end":{"line":87,"column":34}},"87":{"start":{"line":88,"column":0},"end":{"line":88,"column":54}},"88":{"start":{"line":89,"column":0},"end":{"line":89,"column":49}},"89":{"start":{"line":90,"column":0},"end":{"line":90,"column":18}},"90":{"start":{"line":91,"column":0},"end":{"line":91,"column":6}},"92":{"start":{"line":93,"column":0},"end":{"line":93,"column":80}},"93":{"start":{"line":94,"column":0},"end":{"line":94,"column":61}},"94":{"start":{"line":95,"column":0},"end":{"line":95,"column":22}},"95":{"start":{"line":96,"column":0},"end":{"line":96,"column":17}},"96":{"start":{"line":97,"column":0},"end":{"line":97,"column":16}},"97":{"start":{"line":98,"column":0},"end":{"line":98,"column":6}},"99":{"start":{"line":100,"column":0},"end":{"line":100,"column":33}},"100":{"start":{"line":101,"column":0},"end":{"line":101,"column":26}},"101":{"start":{"line":102,"column":0},"end":{"line":102,"column":26}},"102":{"start":{"line":103,"column":0},"end":{"line":103,"column":22}},"103":{"start":{"line":104,"column":0},"end":{"line":104,"column":17}},"104":{"start":{"line":105,"column":0},"end":{"line":105,"column":16}},"105":{"start":{"line":106,"column":0},"end":{"line":106,"column":5}},"106":{"start":{"line":107,"column":0},"end":{"line":107,"column":3}},"108":{"start":{"line":109,"column":0},"end":{"line":109,"column":80}},"109":{"start":{"line":110,"column":0},"end":{"line":110,"column":51}},"110":{"start":{"line":111,"column":0},"end":{"line":111,"column":51}},"112":{"start":{"line":113,"column":0},"end":{"line":113,"column":61}},"113":{"start":{"line":114,"column":0},"end":{"line":114,"column":55}},"114":{"start":{"line":115,"column":0},"end":{"line":115,"column":55}},"115":{"start":{"line":116,"column":0},"end":{"line":116,"column":44}},"116":{"start":{"line":117,"column":0},"end":{"line":117,"column":6}},"117":{"start":{"line":118,"column":0},"end":{"line":118,"column":3}},"119":{"start":{"line":120,"column":0},"end":{"line":120,"column":104}},"120":{"start":{"line":121,"column":0},"end":{"line":121,"column":43}},"121":{"start":{"line":122,"column":0},"end":{"line":122,"column":14}},"122":{"start":{"line":123,"column":0},"end":{"line":123,"column":62}},"123":{"start":{"line":124,"column":0},"end":{"line":124,"column":61}},"124":{"start":{"line":125,"column":0},"end":{"line":125,"column":6}},"125":{"start":{"line":126,"column":0},"end":{"line":126,"column":3}},"127":{"start":{"line":128,"column":0},"end":{"line":128,"column":82}},"128":{"start":{"line":129,"column":0},"end":{"line":129,"column":34}},"129":{"start":{"line":130,"column":0},"end":{"line":130,"column":3}},"130":{"start":{"line":131,"column":0},"end":{"line":131,"column":1}}},"s":{"15":0,"16":0,"24":0,"25":0,"26":0,"27":0,"28":0,"29":0,"30":0,"31":0,"32":0,"33":0,"34":0,"35":0,"36":0,"37":0,"38":0,"40":0,"41":0,"43":0,"45":0,"46":0,"47":0,"48":0,"49":0,"50":0,"52":0,"53":0,"54":0,"55":0,"56":0,"58":0,"59":0,"61":0,"62":0,"63":0,"64":0,"65":0,"66":0,"67":0,"68":0,"69":0,"70":0,"72":0,"73":0,"75":0,"76":0,"78":0,"80":0,"81":0,"82":0,"83":0,"84":0,"86":0,"87":0,"88":0,"89":0,"90":0,"92":0,"93":0,"94":0,"95":0,"96":0,"97":0,"99":0,"100":0,"101":0,"102":0,"103":0,"104":0,"105":0,"106":0,"108":0,"109":0,"110":0,"112":0,"113":0,"114":0,"115":0,"116":0,"117":0,"119":0,"120":0,"121":0,"122":0,"123":0,"124":0,"125":0,"127":0,"128":0,"129":0,"130":0},"branchMap":{"0":{"type":"branch","line":1,"loc":{"start":{"line":1,"column":4241},"end":{"line":131,"column":1}},"locations":[{"start":{"line":1,"column":4241},"end":{"line":131,"column":1}}]}},"b":{"0":[1]},"fnMap":{"0":{"name":"(empty-report)","decl":{"start":{"line":1,"column":4241},"end":{"line":131,"column":1}},"loc":{"start":{"line":1,"column":4241},"end":{"line":131,"column":1}},"line":1}},"f":{"0":1}}
}
